##TESTE DE INSERÇÃO##

T:
└──10(-1)
    ├──25(0)d
    │   ├──28(0)d
    │   └──13(0)e
    └── 0(0)e

##TESTE DE REMOÇÃO##

T:
└──10(-1)
    ├──25(0)d
    │   ├──28(0)d
    │   └──13(0)e
    └── 0(0)e
Removendo 10...
T:
└──13(-1)
    ├──25(-1)d
    │   └──28(0)d
    └── 0(0)e
Removendo 25...
T:
└──13(0)
    ├──28(0)d
    └── 0(0)e
Removendo 0...
T:
└──13(-1)
    └──28(0)d
Removendo 16...
T:
└──13(-1)
    └──28(0)d
Removendo 20...
T:
└──13(-1)
    └──28(0)d
Removendo 9...
T:
└──13(-1)
    └──28(0)d
Removendo 15...
T:
└──13(-1)
    └──28(0)d
Removendo 6...
T:
└──13(-1)
    └──28(0)d
Removendo 14...
T:
└──13(-1)
    └──28(0)d
Removendo 7...
T:
└──13(-1)
    └──28(0)d
Removendo 18...
T:
└──13(-1)
    └──28(0)d
Removendo 12...
T:
└──13(-1)
    └──28(0)d
Removendo 22...
T:
└──13(-1)
    └──28(0)d
Removendo 19...
T:
└──13(-1)
    └──28(0)d
Removendo 3...
T:
└──13(-1)
    └──28(0)d
Removendo 13...
T:
└──28(0)
Removendo 28...
T:
